2025-11-26 10:33:18,768 - INFO - 使用麦克风: 麦克风 (Realtek(R) Audio)
2025-11-26 11:08:03,712 - INFO - 使用麦克风: 麦克风 (Realtek(R) Audio)
2025-11-26 11:36:33,702 - ERROR - Traceback (most recent call last):
2025-11-26 11:36:33,703 - ERROR - File "e:\Github\realtimeSTT\stt.py", line 1248, in <module>
2025-11-26 11:36:33,703 - ERROR - window = RealTimeWindow()
2025-11-26 11:36:33,704 - ERROR - ^
2025-11-26 11:36:33,704 - ERROR - ^
2025-11-26 11:36:33,704 - ERROR - ^
2025-11-26 11:36:33,704 - ERROR - ^
2025-11-26 11:36:33,704 - ERROR - ^
2025-11-26 11:36:33,704 - ERROR - ^
2025-11-26 11:36:33,704 - ERROR - ^
2025-11-26 11:36:33,704 - ERROR - ^
2025-11-26 11:36:33,704 - ERROR - ^
2025-11-26 11:36:33,704 - ERROR - ^
2025-11-26 11:36:33,704 - ERROR - ^
2025-11-26 11:36:33,705 - ERROR - ^
2025-11-26 11:36:33,705 - ERROR - ^
2025-11-26 11:36:33,705 - ERROR - ^
2025-11-26 11:36:33,705 - ERROR - ^
2025-11-26 11:36:33,705 - ERROR - ^
2025-11-26 11:36:33,705 - ERROR - File "e:\Github\realtimeSTT\stt.py", line 749, in __init__
2025-11-26 11:36:33,705 - ERROR - self.clear_button.clicked.connect(self.clear_textedit)
2025-11-26 11:36:33,705 - ERROR - ^
2025-11-26 11:36:33,705 - ERROR - ^
2025-11-26 11:36:33,705 - ERROR - ^
2025-11-26 11:36:33,706 - ERROR - ^
2025-11-26 11:36:33,706 - ERROR - ^
2025-11-26 11:36:33,706 - ERROR - ^
2025-11-26 11:36:33,706 - ERROR - ^
2025-11-26 11:36:33,706 - ERROR - ^
2025-11-26 11:36:33,706 - ERROR - ^
2025-11-26 11:36:33,706 - ERROR - ^
2025-11-26 11:36:33,706 - ERROR - ^
2025-11-26 11:36:33,706 - ERROR - ^
2025-11-26 11:36:33,706 - ERROR - ^
2025-11-26 11:36:33,706 - ERROR - ^
2025-11-26 11:36:33,706 - ERROR - ^
2025-11-26 11:36:33,706 - ERROR - ^
2025-11-26 11:36:33,706 - ERROR - ^
2025-11-26 11:36:33,706 - ERROR - ^
2025-11-26 11:36:33,706 - ERROR - ^
2025-11-26 11:36:33,706 - ERROR - AttributeError
2025-11-26 11:36:33,707 - ERROR - :
2025-11-26 11:36:33,707 - ERROR - 'RealTimeWindow' object has no attribute 'clear_textedit'
2025-11-26 11:36:33,707 - ERROR - . Did you mean: 'copy_textedit'?
2025-11-26 11:38:09,371 - INFO - 使用麦克风: 麦克风 (Realtek(R) Audio)
2025-11-26 11:38:29,973 - INFO - 已自动导出临时文件:
2025-11-26 11:38:29,973 - INFO - - 原文: E:/Github/realtimeSTT/output/20251126_113829-原文-tmp.txt
2025-11-26 11:38:29,973 - INFO - - 译文: E:/Github/realtimeSTT/output/20251126_113829-译文-tmp.txt
